<?xml version="1.0" encoding="UTF-8"?>
<testng-results skipped="0" failed="0" ignored="0" total="1" passed="1">
  <reporter-output>
  </reporter-output>
  <suite name="Default suite" duration-ms="35289" started-at="2020-11-02T10:13:05 IST" finished-at="2020-11-02T10:13:40 IST">
    <groups>
    </groups>
    <test name="Default test" duration-ms="35289" started-at="2020-11-02T10:13:05 IST" finished-at="2020-11-02T10:13:40 IST">
      <class name="hack.hack1">
        <test-method status="PASS" signature="setup()[pri:0, instance:hack.hack1@3712b94]" name="setup" is-config="true" duration-ms="4989" started-at="2020-11-02T10:13:05 IST" finished-at="2020-11-02T10:13:10 IST">
          <reporter-output>
          </reporter-output>
        </test-method> <!-- setup -->
        <test-method status="PASS" signature="openSite()[pri:0, instance:hack.hack1@3712b94]" name="openSite" duration-ms="29260" started-at="2020-11-02T10:13:10 IST" finished-at="2020-11-02T10:13:39 IST">
          <reporter-output>
          </reporter-output>
        </test-method> <!-- openSite -->
        <test-method status="PASS" signature="close()[pri:0, instance:hack.hack1@3712b94]" name="close" is-config="true" duration-ms="978" started-at="2020-11-02T10:13:39 IST" finished-at="2020-11-02T10:13:40 IST">
          <reporter-output>
          </reporter-output>
        </test-method> <!-- close -->
      </class> <!-- hack.hack1 -->
    </test> <!-- Default test -->
  </suite> <!-- Default suite -->
</testng-results>
